<?xml version="1.0" encoding="UTF-8"?>
<testsuite name="AlarmTest" tests="1" skipped="0" failures="0" errors="0" timestamp="2019-05-21T14:03:59" hostname="LAPTOP-9B23GGR0" time="0.015">
  <properties/>
  <testcase name="requestSettingAlarm" classname="AlarmTest" time="0.015"/>
  <system-out><![CDATA[]]></system-out>
  <system-err><![CDATA[]]></system-err>
</testsuite>
