<?xml version="1.0" encoding="UTF-8"?>
<testsuite name="TimerTest" tests="1" skipped="0" failures="0" errors="0" timestamp="2019-05-19T04:20:06" hostname="LAPTOP-9B23GGR0" time="0.009">
  <properties/>
  <testcase name="requestNextTimerTimeSection" classname="TimerTest" time="0.009"/>
  <system-out><![CDATA[]]></system-out>
  <system-err><![CDATA[]]></system-err>
</testsuite>
